# JRE version: OpenJDK Runtime Environment (8.0_242-b01) (build 1.8.0_242-release-1644-b01)
# Java VM: OpenJDK 64-Bit Server VM (25.242-b01 mixed mode windows-amd64 compressed oops)
Heap:
 PSYoungGen      total 621568K, used 241471K [0x00000000d5580000, 0x00000000ff680000, 0x0000000100000000)
  eden space 564224K, 38% used [0x00000000d5580000,0x00000000e27cf4d0,0x00000000f7c80000)
  from space 57344K, 45% used [0x00000000fbe80000,0x00000000fd800b10,0x00000000ff680000)
  to   space 62464K, 0% used [0x00000000f7c80000,0x00000000f7c80000,0x00000000fb980000)
 ParOldGen       total 251904K, used 129134K [0x0000000080000000, 0x000000008f600000, 0x00000000d5580000)
  object space 251904K, 51% used [0x0000000080000000,0x0000000087e1ba20,0x000000008f600000)
 Metaspace       used 156276K, capacity 165768K, committed 166168K, reserved 1193984K
  class space    used 20397K, capacity 22210K, committed 22320K, reserved 1048576K
GC Heap History (10 events):
Event: 762.203 GC heap before
{Heap before GC invocations=29 (full 5):
 PSYoungGen      total 611328K, used 57840K [0x00000000d5580000, 0x0000000100000000, 0x0000000100000000)
  eden space 553472K, 0% used [0x00000000d5580000,0x00000000d5580000,0x00000000f7200000)
  from space 57856K, 99% used [0x00000000fc700000,0x00000000fff7c138,0x00000000fff80000)
  to   space 72704K, 0% used [0x00000000f7200000,0x00000000f7200000,0x00000000fb900000)
 ParOldGen       total 144896K, used 137360K [0x0000000080000000, 0x0000000088d80000, 0x00000000d5580000)
  object space 144896K, 94% used [0x0000000080000000,0x0000000088624008,0x0000000088d80000)
 Metaspace       used 153647K, capacity 162734K, committed 162968K, reserved 1189888K
  class space    used 20161K, capacity 21890K, committed 21936K, reserved 1048576K
Event: 762.432 GC heap after
Heap after GC invocations=29 (full 5):
 PSYoungGen      total 611328K, used 0K [0x00000000d5580000, 0x0000000100000000, 0x0000000100000000)
  eden space 553472K, 0% used [0x00000000d5580000,0x00000000d5580000,0x00000000f7200000)
  from space 57856K, 0% used [0x00000000fc700000,0x00000000fc700000,0x00000000fff80000)
  to   space 72704K, 0% used [0x00000000f7200000,0x00000000f7200000,0x00000000fb900000)
 ParOldGen       total 251904K, used 129046K [0x0000000080000000, 0x000000008f600000, 0x00000000d5580000)
  object space 251904K, 51% used [0x0000000080000000,0x0000000087e05a10,0x000000008f600000)
 Metaspace       used 153547K, capacity 162432K, committed 162968K, reserved 1189888K
  class space    used 20135K, capacity 21859K, committed 21936K, reserved 1048576K
}
Event: 870.374 GC heap before
{Heap before GC invocations=30 (full 5):
 PSYoungGen      total 611328K, used 553472K [0x00000000d5580000, 0x0000000100000000, 0x0000000100000000)
  eden space 553472K, 100% used [0x00000000d5580000,0x00000000f7200000,0x00000000f7200000)
  from space 57856K, 0% used [0x00000000fc700000,0x00000000fc700000,0x00000000fff80000)
  to   space 72704K, 0% used [0x00000000f7200000,0x00000000f7200000,0x00000000fb900000)
 ParOldGen       total 251904K, used 129046K [0x0000000080000000, 0x000000008f600000, 0x00000000d5580000)
  object space 251904K, 51% used [0x0000000080000000,0x0000000087e05a10,0x000000008f600000)
 Metaspace       used 154756K, capacity 163932K, committed 164120K, reserved 1191936K
  class space    used 20251K, capacity 22007K, committed 22064K, reserved 1048576K
Event: 870.390 GC heap after
Heap after GC invocations=30 (full 5):
 PSYoungGen      total 626176K, used 10424K [0x00000000d5580000, 0x0000000100000000, 0x0000000100000000)
  eden space 553472K, 0% used [0x00000000d5580000,0x00000000d5580000,0x00000000f7200000)
  from space 72704K, 14% used [0x00000000f7200000,0x00000000f7c2e178,0x00000000fb900000)
  to   space 71680K, 0% used [0x00000000fba00000,0x00000000fba00000,0x0000000100000000)
 ParOldGen       total 251904K, used 129054K [0x0000000080000000, 0x000000008f600000, 0x00000000d5580000)
  object space 251904K, 51% used [0x0000000080000000,0x0000000087e07a10,0x000000008f600000)
 Metaspace       used 154756K, capacity 163932K, committed 164120K, reserved 1191936K
  class space    used 20251K, capacity 22007K, committed 22064K, reserved 1048576K
}
Event: 922.600 GC heap before
{Heap before GC invocations=31 (full 5):
 PSYoungGen      total 626176K, used 563896K [0x00000000d5580000, 0x0000000100000000, 0x0000000100000000)
  eden space 553472K, 100% used [0x00000000d5580000,0x00000000f7200000,0x00000000f7200000)
  from space 72704K, 14% used [0x00000000f7200000,0x00000000f7c2e178,0x00000000fb900000)
  to   space 71680K, 0% used [0x00000000fba00000,0x00000000fba00000,0x0000000100000000)
 ParOldGen       total 251904K, used 129054K [0x0000000080000000, 0x000000008f600000, 0x00000000d5580000)
  object space 251904K, 51% used [0x0000000080000000,0x0000000087e07a10,0x000000008f600000)
 Metaspace       used 156003K, capacity 165462K, committed 165528K, reserved 1191936K
  class space    used 20367K, capacity 22175K, committed 22192K, reserved 1048576K
Event: 922.614 GC heap after
Heap after GC invocations=31 (full 5):
 PSYoungGen      total 619008K, used 20325K [0x00000000d5580000, 0x00000000ff900000, 0x0000000100000000)
  eden space 554496K, 0% used [0x00000000d5580000,0x00000000d5580000,0x00000000f7300000)
  from space 64512K, 31% used [0x00000000fba00000,0x00000000fcdd9610,0x00000000ff900000)
  to   space 68608K, 0% used [0x00000000f7300000,0x00000000f7300000,0x00000000fb600000)
 ParOldGen       total 251904K, used 129126K [0x0000000080000000, 0x000000008f600000, 0x00000000d5580000)
  object space 251904K, 51% used [0x0000000080000000,0x0000000087e19a20,0x000000008f600000)
 Metaspace       used 156003K, capacity 165462K, committed 165528K, reserved 1191936K
  class space    used 20367K, capacity 22175K, committed 22192K, reserved 1048576K
}
Event: 926.404 GC heap before
{Heap before GC invocations=32 (full 5):
 PSYoungGen      total 619008K, used 574821K [0x00000000d5580000, 0x00000000ff900000, 0x0000000100000000)
  eden space 554496K, 100% used [0x00000000d5580000,0x00000000f7300000,0x00000000f7300000)
  from space 64512K, 31% used [0x00000000fba00000,0x00000000fcdd9610,0x00000000ff900000)
  to   space 68608K, 0% used [0x00000000f7300000,0x00000000f7300000,0x00000000fb600000)
 ParOldGen       total 251904K, used 129126K [0x0000000080000000, 0x000000008f600000, 0x00000000d5580000)
  object space 251904K, 51% used [0x0000000080000000,0x0000000087e19a20,0x000000008f600000)
 Metaspace       used 156009K, capacity 165526K, committed 165784K, reserved 1193984K
  class space    used 20367K, capacity 22175K, committed 22192K, reserved 1048576K
Event: 926.418 GC heap after
Heap after GC invocations=32 (full 5):
 PSYoungGen      total 623104K, used 31348K [0x00000000d5580000, 0x00000000fff00000, 0x0000000100000000)
  eden space 554496K, 0% used [0x00000000d5580000,0x00000000d5580000,0x00000000f7300000)
  from space 68608K, 45% used [0x00000000f7300000,0x00000000f919d1b0,0x00000000fb600000)
  to   space 66048K, 0% used [0x00000000fbe80000,0x00000000fbe80000,0x00000000fff00000)
 ParOldGen       total 251904K, used 129134K [0x0000000080000000, 0x000000008f600000, 0x00000000d5580000)
  object space 251904K, 51% used [0x0000000080000000,0x0000000087e1ba20,0x000000008f600000)
 Metaspace       used 156009K, capacity 165526K, committed 165784K, reserved 1193984K
  class space    used 20367K, capacity 22175K, committed 22192K, reserved 1048576K
}
Event: 926.818 GC heap before
{Heap before GC invocations=33 (full 5):
 PSYoungGen      total 623104K, used 585844K [0x00000000d5580000, 0x00000000fff00000, 0x0000000100000000)
  eden space 554496K, 100% used [0x00000000d5580000,0x00000000f7300000,0x00000000f7300000)
  from space 68608K, 45% used [0x00000000f7300000,0x00000000f919d1b0,0x00000000fb600000)
  to   space 66048K, 0% used [0x00000000fbe80000,0x00000000fbe80000,0x00000000fff00000)
 ParOldGen       total 251904K, used 129134K [0x0000000080000000, 0x000000008f600000, 0x00000000d5580000)
  object space 251904K, 51% used [0x0000000080000000,0x0000000087e1ba20,0x000000008f600000)
 Metaspace       used 156018K, capacity 165526K, committed 165784K, reserved 1193984K
  class space    used 20367K, capacity 22175K, committed 22192K, reserved 1048576K
Event: 926.836 GC heap after
Heap after GC invocations=33 (full 5):
 PSYoungGen      total 621568K, used 26114K [0x00000000d5580000, 0x00000000ff680000, 0x0000000100000000)
  eden space 564224K, 0% used [0x00000000d5580000,0x00000000d5580000,0x00000000f7c80000)
  from space 57344K, 45% used [0x00000000fbe80000,0x00000000fd800b10,0x00000000ff680000)
  to   space 62464K, 0% used [0x00000000f7c80000,0x00000000f7c80000,0x00000000fb980000)
 ParOldGen       total 251904K, used 129134K [0x0000000080000000, 0x000000008f600000, 0x00000000d5580000)
  object space 251904K, 51% used [0x0000000080000000,0x0000000087e1ba20,0x000000008f600000)
 Metaspace       used 156018K, capacity 165526K, committed 165784K, reserved 1193984K
  class space    used 20367K, capacity 22175K, committed 22192K, reserved 1048576K
}

